#
# There is insufficient memory for the Java Runtime Environment to continue.
# Native memory allocation (mmap) failed to map 130023424 bytes for Failed to commit area from 0x0000000084600000 to 0x000000008c200000 of length 130023424.
# Possible reasons:
#   The system is out of physical RAM or swap space
#   The process is running with CompressedOops enabled, and the Java Heap may be blocking the growth of the native heap
# Possible solutions:
#   Reduce memory load on the system
#   Increase physical memory or swap space
#   Check if swap backing store is full
#   Decrease Java heap size (-Xmx/-Xms)
#   Decrease number of Java threads
#   Decrease Java thread stack sizes (-Xss)
#   Set larger code cache with -XX:ReservedCodeCacheSize=
#   JVM is running with Unscaled Compressed Oops mode in which the Java heap is
#     placed in the first 4GB address space. The Java Heap base address is the
#     maximum limit for the native heap growth. Please use -XX:HeapBaseMinAddress
#     to set the Java Heap base and to place the Java Heap above 4GB virtual address.
# This output file may be truncated or incomplete.
#
#  Out of Memory Error (./open/src/hotspot/os/windows/os_windows.cpp:3315), pid=54920, tid=49108
#
# JRE version:  (14.0.2+12) (build )
# Java VM: OpenJDK 64-Bit Server VM (14.0.2+12-46, mixed mode, sharing, tiered, compressed oops, g1 gc, windows-amd64)
# No core dump will be written. Minidumps are not enabled by default on client versions of Windows
#

---------------  S U M M A R Y ------------

Command Line: -Dfile.encoding=Cp1252 -XX:+ShowCodeDetailsInExceptionMessages Runs.StartGUI

Host: Intel(R) Core(TM) i5-10210U CPU @ 1.60GHz, 8 cores, 7G,  Windows 10 , 64 bit Build 18362 (10.0.18362.959)
Time: Fri Apr 16 17:48:47 2021 Paris, Madrid (heure d?été) elapsed time: 0 seconds (0d 0h 0m 0s)

---------------  T H R E A D  ---------------

Current thread (0x0000011667552000):  JavaThread "Unknown thread" [_thread_in_vm, id=49108, stack(0x0000001061b00000,0x0000001061c00000)]

Stack: [0x0000001061b00000,0x0000001061c00000]
Native frames: (J=compiled Java code, j=interpreted, Vv=VM code, C=native code)
V  [jvm.dll+0x5f8a9a]
V  [jvm.dll+0x74247a]
V  [jvm.dll+0x743c2f]
V  [jvm.dll+0x744273]
V  [jvm.dll+0x20d288]
V  [jvm.dll+0x5f5dea]
V  [jvm.dll+0x5eac45]
V  [jvm.dll+0x2c7e9c]
V  [jvm.dll+0x2c7cd2]
V  [jvm.dll+0x2cdbbc]
V  [jvm.dll+0x313fe8]
V  [jvm.dll+0x313710]
V  [jvm.dll+0x2a092a]
V  [jvm.dll+0x2a1a79]
V  [jvm.dll+0x71fd48]
V  [jvm.dll+0x321c14]
V  [jvm.dll+0x70112c]
V  [jvm.dll+0x392def]
V  [jvm.dll+0x394e61]
C  [jli.dll+0x524b]
C  [ucrtbase.dll+0x20e82]
C  [KERNEL32.DLL+0x17bd4]
C  [ntdll.dll+0x6ce51]


---------------  P R O C E S S  ---------------

Threads class SMR info:
_java_thread_list=0x00007fff71c73038, length=0, elements={
}

Java Threads: ( => current thread )

Other Threads:
  0x0000011667593800 GCTaskThread "GC Thread#0" [stack: 0x0000001061c00000,0x0000001061d00000] [id=63420]
  0x00000116675a6000 ConcurrentGCThread "G1 Main Marker" [stack: 0x0000001061d00000,0x0000001061e00000] [id=43804]
  0x00000116675a8800 ConcurrentGCThread "G1 Conc#0" [stack: 0x0000001061e00000,0x0000001061f00000] [id=49680]

[error occurred during error reporting (printing all threads), id 0xc0000005, EXCEPTION_ACCESS_VIOLATION (0xc0000005) at pc=0x00007fff714a1257]

VM state:not at safepoint (not fully initialized)

VM Mutex/Monitor currently owned by a thread:  ([mutex/lock_event])
[0x000001166754d000] Heap_lock - owner thread: 0x0000011667552000

Heap address: 0x0000000084600000, size: 1978 MB, Compressed Oops mode: 32-bit
Narrow klass base: 0x0000000000000000, Narrow klass shift: 0

GC Heap History (0 events):
No events

Deoptimization events (0 events):
No events

Classes unloaded (0 events):
No events

Classes redefined (0 events):
No events

Internal exceptions (0 events):
No events

Events (2 events):
Event: 0.004 Loaded shared library C:\Users\szafar\.p2\pool\plugins\org.eclipse.justj.openjdk.hotspot.jre.full.win32.x86_64_14.0.2.v20200815-0932\jre\bin\java.dll
Event: 0.005 Loaded shared library C:\Users\szafar\.p2\pool\plugins\org.eclipse.justj.openjdk.hotspot.jre.full.win32.x86_64_14.0.2.v20200815-0932\jre\bin\zip.dll


Dynamic libraries:
0x00007ff787dc0000 - 0x00007ff787dcd000 	C:\Users\szafar\.p2\pool\plugins\org.eclipse.justj.openjdk.hotspot.jre.full.win32.x86_64_14.0.2.v20200815-0932\jre\bin\javaw.exe
0x00007ffff3600000 - 0x00007ffff37f0000 	C:\Windows\SYSTEM32\ntdll.dll
0x00007ffff2a00000 - 0x00007ffff2ab2000 	C:\Windows\System32\KERNEL32.DLL
0x00007ffff0ed0000 - 0x00007ffff1174000 	C:\Windows\System32\KERNELBASE.dll
0x00007ffff0d30000 - 0x00007ffff0e2a000 	C:\Windows\System32\ucrtbase.dll
0x00007fffd1b30000 - 0x00007fffd1b48000 	C:\Users\szafar\.p2\pool\plugins\org.eclipse.justj.openjdk.hotspot.jre.full.win32.x86_64_14.0.2.v20200815-0932\jre\bin\jli.dll
0x00007fffd3d10000 - 0x00007fffd3d25000 	C:\Users\szafar\.p2\pool\plugins\org.eclipse.justj.openjdk.hotspot.jre.full.win32.x86_64_14.0.2.v20200815-0932\jre\bin\VCRUNTIME140.dll
0x00007ffff2c60000 - 0x00007ffff2df5000 	C:\Windows\System32\USER32.dll
0x00007ffff0550000 - 0x00007ffff0571000 	C:\Windows\System32\win32u.dll
0x00007fffdbe40000 - 0x00007fffdc0c4000 	C:\Windows\WinSxS\amd64_microsoft.windows.common-controls_6595b64144ccf1df_6.0.18362.1016_none_9e7a36bbe461dae4\COMCTL32.dll
0x00007ffff29d0000 - 0x00007ffff29f6000 	C:\Windows\System32\GDI32.dll
0x00007ffff2b40000 - 0x00007ffff2bde000 	C:\Windows\System32\msvcrt.dll
0x00007ffff12e0000 - 0x00007ffff1476000 	C:\Windows\System32\gdi32full.dll
0x00007ffff1720000 - 0x00007ffff1a55000 	C:\Windows\System32\combase.dll
0x00007ffff1a60000 - 0x00007ffff1b80000 	C:\Windows\System32\RPCRT4.dll
0x00007ffff0e30000 - 0x00007ffff0ece000 	C:\Windows\System32\msvcp_win.dll
0x00007ffff11b0000 - 0x00007ffff1230000 	C:\Windows\System32\bcryptPrimitives.dll
0x00007ffff3420000 - 0x00007ffff344e000 	C:\Windows\System32\IMM32.DLL
0x00007fffcda50000 - 0x00007fffcdaeb000 	C:\Users\szafar\.p2\pool\plugins\org.eclipse.justj.openjdk.hotspot.jre.full.win32.x86_64_14.0.2.v20200815-0932\jre\bin\msvcp140.dll
0x00007fff711f0000 - 0x00007fff71d0e000 	C:\Users\szafar\.p2\pool\plugins\org.eclipse.justj.openjdk.hotspot.jre.full.win32.x86_64_14.0.2.v20200815-0932\jre\bin\server\jvm.dll
0x00007ffff30b0000 - 0x00007ffff3153000 	C:\Windows\System32\ADVAPI32.dll
0x00007ffff1680000 - 0x00007ffff1717000 	C:\Windows\System32\sechost.dll
0x00007ffff2450000 - 0x00007ffff2458000 	C:\Windows\System32\PSAPI.DLL
0x00007fffca440000 - 0x00007fffca449000 	C:\Windows\SYSTEM32\WSOCK32.dll
0x00007fffe4440000 - 0x00007fffe444a000 	C:\Windows\SYSTEM32\VERSION.dll
0x00007fffede00000 - 0x00007fffede24000 	C:\Windows\SYSTEM32\WINMM.dll
0x00007ffff2be0000 - 0x00007ffff2c4f000 	C:\Windows\System32\WS2_32.dll
0x00007fffeddd0000 - 0x00007fffeddfd000 	C:\Windows\SYSTEM32\winmmbase.dll
0x00007ffff1290000 - 0x00007ffff12da000 	C:\Windows\System32\cfgmgr32.dll
0x00007ffff04e0000 - 0x00007ffff04f1000 	C:\Windows\System32\kernel.appcore.dll
0x00007fffed390000 - 0x00007fffed39a000 	C:\Users\szafar\.p2\pool\plugins\org.eclipse.justj.openjdk.hotspot.jre.full.win32.x86_64_14.0.2.v20200815-0932\jre\bin\jimage.dll
0x00007fffeed60000 - 0x00007fffeef54000 	C:\Windows\SYSTEM32\DBGHELP.DLL
0x00007fffc9c30000 - 0x00007fffc9c5a000 	C:\Windows\SYSTEM32\dbgcore.DLL
0x00007fffd1c90000 - 0x00007fffd1cb5000 	C:\Users\szafar\.p2\pool\plugins\org.eclipse.justj.openjdk.hotspot.jre.full.win32.x86_64_14.0.2.v20200815-0932\jre\bin\java.dll
0x00007fffd2550000 - 0x00007fffd2566000 	C:\Users\szafar\.p2\pool\plugins\org.eclipse.justj.openjdk.hotspot.jre.full.win32.x86_64_14.0.2.v20200815-0932\jre\bin\zip.dll

dbghelp: loaded successfully - version: 4.0.5 - missing functions: none
symbol engine: initialized successfully - sym options: 0x614 - pdb path: .;C:\Users\szafar\.p2\pool\plugins\org.eclipse.justj.openjdk.hotspot.jre.full.win32.x86_64_14.0.2.v20200815-0932\jre\bin;C:\Windows\SYSTEM32;C:\Windows\WinSxS\amd64_microsoft.windows.common-controls_6595b64144ccf1df_6.0.18362.1016_none_9e7a36bbe461dae4;C:\Users\szafar\.p2\pool\plugins\org.eclipse.justj.openjdk.hotspot.jre.full.win32.x86_64_14.0.2.v20200815-0932\jre\bin\server

VM Arguments:
jvm_args: -Dfile.encoding=Cp1252 -XX:+ShowCodeDetailsInExceptionMessages 
java_command: Runs.StartGUI
java_class_path (initial): C:\Users\szafar\Desktop\ADEMIS code\workspace01\Workspace_2018_larger_network\ADEMIS\gui\bin;C:\Users\szafar\Desktop\ADEMIS code\workspace01\Workspace_2018_larger_network\ADEMIS\resultsgui\bin;C:\Users\szafar\Desktop\ADEMIS code\workspace01\Workspace_2018_larger_network\ADEMIS\lx-plot\bin;C:\Users\szafar\Desktop\ADEMIS code\workspace01\Workspace_2018_larger_network\ADEMIS\lx-plot\libs\jfreechart\jcommon-1.0.17.jar;C:\Users\szafar\Desktop\ADEMIS code\workspace01\Workspace_2018_larger_network\ADEMIS\lx-plot\libs\jfreechart\jfreechart-1.0.14.jar;C:\Users\szafar\Desktop\ADEMIS code\workspace01\Workspace_2018_larger_network\ADEMIS\lx-plot\lx-plot-standalone.jar;C:\Users\szafar\Desktop\ADEMIS code\workspace01\Workspace_2018_larger_network\ADEMIS\lx-plot\lx-plot.jar;C:\Users\szafar\Desktop\ADEMIS code\workspace01\Workspace_2018_larger_network\ADEMIS\ademis\bin;C:\Users\szafar\Desktop\ADEMIS code\workspace01\Workspace_2018_larger_network\ADEMIS\amak\target\classes;C:\Users\szafar\Desktop\ADEMIS code\workspace01\Workspace_2018_larger_network\ADEMIS\amak\AdditionalLibraries\avt.jar;C:\Users\szafar\Desktop\ADEMIS code\workspace01\Workspace_2018_larger_network\ADEMIS\amak\AdditionalLibraries\lx-plot-standalone.jar;C:\Users\szafar\Desktop\ADEMIS code\workspace01\Workspace_2018_larger_network\ADEMIS\amak\AdditionalLibraries\json-simple-1.1.jar;C:\Users\szafar\Desktop\ADEMIS code\workspace01\Workspace_2018_larger_network\ADEMIS\amak\AdditionalLibraries\xstream-1.4.10.jar;C:\Users\szafar\Desktop\ADEMIS code\workspace01\Workspace_2018_larger_network\ADEMIS\amak\AdditionalLibraries\agent-messaging-0.2.jar;C:\Users\szafar\.p2\pool\plugins\org.junit.jupiter.api_5.6.0.v20200203-2009.jar;C:\Users\szafar\.p2\pool\plugins\org.junit.jupiter.engine_5.6.0.v20200203-2009.jar;C:\Users\szafar\.p2\pool\plugins\org.junit.jupiter.migrationsupport_5.6.0.v20200203-2009.jar;C:\Users\szafar\.p2\pool\plugins\org.junit.jupiter.params_5.6.0.v20200203-2009.jar;C:\Users\szafar\.
Launcher Type: SUN_STANDARD

[Global flags]
     intx CICompilerCount                          = 4                                         {product} {ergonomic}
     uint ConcGCThreads                            = 2                                         {product} {ergonomic}
     uint G1ConcRefinementThreads                  = 8                                         {product} {ergonomic}
   size_t G1HeapRegionSize                         = 1048576                                   {product} {ergonomic}
    uintx GCDrainStackTargetSize                   = 64                                        {product} {ergonomic}
   size_t InitialHeapSize                          = 130023424                                 {product} {ergonomic}
   size_t MarkStackSize                            = 4194304                                   {product} {ergonomic}
   size_t MaxHeapSize                              = 2074083328                                {product} {ergonomic}
   size_t MinHeapDeltaBytes                        = 1048576                                   {product} {ergonomic}
   size_t MinHeapSize                              = 8388608                                   {product} {ergonomic}
    uintx NonNMethodCodeHeapSize                   = 5839372                                {pd product} {ergonomic}
    uintx NonProfiledCodeHeapSize                  = 122909434                              {pd product} {ergonomic}
    uintx ProfiledCodeHeapSize                     = 122909434                              {pd product} {ergonomic}
    uintx ReservedCodeCacheSize                    = 251658240                              {pd product} {ergonomic}
     bool SegmentedCodeCache                       = true                                      {product} {ergonomic}
     bool ShowCodeDetailsInExceptionMessages       = true                                   {manageable} {command line}
   size_t SoftMaxHeapSize                          = 2074083328                             {manageable} {ergonomic}
     bool UseCompressedClassPointers               = true                                 {lp64_product} {ergonomic}
     bool UseCompressedOops                        = true                                 {lp64_product} {ergonomic}
     bool UseG1GC                                  = true                                      {product} {ergonomic}
     bool UseLargePagesIndividualAllocation        = false                                  {pd product} {ergonomic}

Logging:
Log output configuration:
 #0: stdout all=warning uptime,level,tags
 #1: stderr all=off uptime,level,tags

Environment Variables:
CLASSPATH=C:\xpressmp\lib\xprm.jar;C:\xpressmp\lib\xprs.jar;C:\xpressmp\lib\xprb.jar
PATH=C:/Users/szafar/.p2/pool/plugins/org.eclipse.justj.openjdk.hotspot.jre.full.win32.x86_64_14.0.2.v20200815-0932/jre/bin/server;C:/Users/szafar/.p2/pool/plugins/org.eclipse.justj.openjdk.hotspot.jre.full.win32.x86_64_14.0.2.v20200815-0932/jre/bin;C:\xpressmp\bin;C:\xpressmp\workbench;C:\Program Files\IBM\ILOG\CPLEX_Studio201\opl\bin\x64_win64;C:\Program Files\IBM\ILOG\CPLEX_Studio201\opl\oplide\;C:\Program Files\IBM\ILOG\CPLEX_Studio201\cplex\bin\x64_win64;C:\Program Files\IBM\ILOG\CPLEX_Studio201\cpoptimizer\bin\x64_win64;C:\gurobi910\win64\bin;C:\Program Files (x86)\Common Files\Oracle\Java\javapath;C:\Windows\system32;C:\Windows;C:\Windows\System32\Wbem;C:\Windows\System32\WindowsPowerShell\v1.0\;C:\Windows\System32\OpenSSH\;C:\Android;C:\Windows\System32;C:\Program Files\MATLAB\R2020b\bin;C:\Program Files\Git LFS;C:\Program Files\Git\cmd;C:\Users\szafar\AppData\Local\Programs\Python\Python36-32\Scripts\;C:\Users\szafar\AppData\Local\Programs\Python\Python36-32\;C:\Users\szafar\AppData\Local\Microsoft\WindowsApps;C:\Users\szafar\AppData\Local\GitHubDesktop\bin;C:\Users\szafar\AppData\Local\Programs\MiKTeX\miktex\bin\x64\;C:\Windows;
USERNAME=szafar
OS=Windows_NT
PROCESSOR_IDENTIFIER=Intel64 Family 6 Model 142 Stepping 12, GenuineIntel



---------------  S Y S T E M  ---------------

OS: Windows 10 , 64 bit Build 18362 (10.0.18362.959)
OS uptime: 18 days 6:56 hours

CPU:total 8 (initial active 8) (4 cores per cpu, 2 threads per core) family 6 model 142 stepping 12, cmov, cx8, fxsr, mmx, sse, sse2, sse3, ssse3, sse4.1, sse4.2, popcnt, avx, avx2, aes, clmul, erms, 3dnowpref, lzcnt, ht, tsc, tscinvbit, bmi1, bmi2, adx, fma

Memory: 4k page, system-wide physical 7910M (1357M free)
TotalPageFile size 32486M (AvailPageFile size 117M)
current process WorkingSet (physical memory assigned to process): 10M, peak: 10M
current process commit charge ("private bytes"): 60M, peak: 184M

vm_info: OpenJDK 64-Bit Server VM (14.0.2+12-46) for windows-amd64 JRE (14.0.2+12-46), built on Jul  9 2020 00:31:16 by "mach5one" with MS VC++ 15.9 (VS2017)

END.
